unityLibrary/build/intermediates/manifest_merge_blame_file/debug/manifest-merger-blame-debug-report.txt
1<?xml version="1.0" encoding="utf-8"?>
2<manifest xmlns:android="http://schemas.android.com/apk/res/android"
3    xmlns:tools="http://schemas.android.com/tools"
4    package="com.unity3d.player" >
5
6    <uses-sdk
7        android:minSdkVersion="22"
7-->src/main/AndroidManifest.xml
8        android:targetSdkVersion="30" />
8-->src/main/AndroidManifest.xml
9
10    <uses-feature android:glEsVersion="0x00030000" />
10-->src/main/AndroidManifest.xml:24:3-52
10-->src/main/AndroidManifest.xml:24:17-49
11    <uses-feature
11-->src/main/AndroidManifest.xml:25:3-91
12        android:name="android.hardware.vulkan.version"
12-->src/main/AndroidManifest.xml:25:17-63
13        android:required="false" />
13-->src/main/AndroidManifest.xml:25:64-88
14    <uses-feature
14-->src/main/AndroidManifest.xml:26:3-84
15        android:name="android.hardware.type.pc"
15-->src/main/AndroidManifest.xml:26:17-56
16        android:required="false" />
16-->src/main/AndroidManifest.xml:26:57-81
17    <uses-feature
17-->src/main/AndroidManifest.xml:27:3-88
18        android:name="android.hardware.touchscreen"
18-->src/main/AndroidManifest.xml:27:17-60
19        android:required="false" />
19-->src/main/AndroidManifest.xml:27:61-85
20    <uses-feature
20-->src/main/AndroidManifest.xml:28:3-99
21        android:name="android.hardware.touchscreen.multitouch"
21-->src/main/AndroidManifest.xml:28:17-71
22        android:required="false" />
22-->src/main/AndroidManifest.xml:28:72-96
23    <uses-feature
23-->src/main/AndroidManifest.xml:29:3-108
24        android:name="android.hardware.touchscreen.multitouch.distinct"
24-->src/main/AndroidManifest.xml:29:17-80
25        android:required="false" />
25-->src/main/AndroidManifest.xml:29:81-105
26
27    <application android:extractNativeLibs="true" >
27-->src/main/AndroidManifest.xml:3:3-23:17
27-->src/main/AndroidManifest.xml:3:16-48
28        <activity
28-->src/main/AndroidManifest.xml:4:5-11:16
29            android:name="com.unity3d.player.UnityPlayerActivity"
29-->src/main/AndroidManifest.xml:4:73-126
30            android:clearTaskOnLaunch="false"
30-->src/main/AndroidManifest.xml:4:15-48
31            android:configChanges="mcc|mnc|locale|touchscreen|keyboard|keyboardHidden|navigation|orientation|screenLayout|uiMode|screenSize|smallestScreenSize|fontScale|layoutDirection|density"
31-->src/main/AndroidManifest.xml:4:236-417
32            android:exported="true"
32-->src/main/AndroidManifest.xml:4:49-72
33            android:hardwareAccelerated="false"
33-->src/main/AndroidManifest.xml:4:453-488
34            android:launchMode="standard"
34-->src/main/AndroidManifest.xml:4:206-235
35            android:resizeableActivity="false"
35-->src/main/AndroidManifest.xml:4:418-452
36            android:screenOrientation="portrait"
36-->src/main/AndroidManifest.xml:4:169-205
37            android:theme="@style/UnityThemeSelector" >
37-->src/main/AndroidManifest.xml:4:127-168
38            <intent-filter>
38-->src/main/AndroidManifest.xml:5:7-8:23
39                <action android:name="android.intent.action.MAIN" />
39-->src/main/AndroidManifest.xml:6:9-61
39-->src/main/AndroidManifest.xml:6:17-58
40
41                <category android:name="android.intent.category.LAUNCHER" />
41-->src/main/AndroidManifest.xml:7:9-69
41-->src/main/AndroidManifest.xml:7:19-66
42            </intent-filter>
43
44            <meta-data
44-->src/main/AndroidManifest.xml:9:7-82
45                android:name="unityplayer.UnityActivity"
45-->src/main/AndroidManifest.xml:9:18-58
46                android:value="true" />
46-->src/main/AndroidManifest.xml:9:59-79
47            <meta-data
47-->src/main/AndroidManifest.xml:10:7-78
48                android:name="android.notch_support"
48-->src/main/AndroidManifest.xml:10:18-54
49                android:value="true" />
49-->src/main/AndroidManifest.xml:10:55-75
50        </activity>
51
52        <meta-data
52-->src/main/AndroidManifest.xml:12:5-69
53            android:name="unity.splash-mode"
53-->src/main/AndroidManifest.xml:12:16-48
54            android:value="0" />
54-->src/main/AndroidManifest.xml:12:49-66
55        <meta-data
55-->src/main/AndroidManifest.xml:13:5-74
56            android:name="unity.splash-enable"
56-->src/main/AndroidManifest.xml:13:16-50
57            android:value="True" />
57-->src/main/AndroidManifest.xml:13:51-71
58        <meta-data
58-->src/main/AndroidManifest.xml:14:5-78
59            android:name="unity.launch-fullscreen"
59-->src/main/AndroidManifest.xml:14:16-54
60            android:value="True" />
60-->src/main/AndroidManifest.xml:14:55-75
61        <meta-data
61-->src/main/AndroidManifest.xml:15:5-84
62            android:name="unity.allow-resizable-window"
62-->src/main/AndroidManifest.xml:15:16-59
63            android:value="False" />
63-->src/main/AndroidManifest.xml:15:60-81
64        <meta-data
64-->src/main/AndroidManifest.xml:16:5-81
65            android:name="notch.config"
65-->src/main/AndroidManifest.xml:16:16-43
66            android:value="portrait|landscape" />
66-->src/main/AndroidManifest.xml:16:44-78
67
68        <receiver
68-->src/main/AndroidManifest.xml:17:5-113
69            android:name="com.unity.androidnotifications.UnityNotificationManager"
69-->src/main/AndroidManifest.xml:17:15-85
70            android:exported="false" />
70-->src/main/AndroidManifest.xml:17:86-110
71        <receiver
71-->src/main/AndroidManifest.xml:18:5-22:16
72            android:name="com.unity.androidnotifications.UnityNotificationRestartOnBootReceiver"
72-->src/main/AndroidManifest.xml:18:15-99
73            android:enabled="false"
73-->src/main/AndroidManifest.xml:18:100-123
74            android:exported="false" >
74-->src/main/AndroidManifest.xml:18:124-148
75            <intent-filter>
75-->src/main/AndroidManifest.xml:19:7-21:23
76                <action android:name="android.intent.action.BOOT_COMPLETED" />
76-->src/main/AndroidManifest.xml:20:9-71
76-->src/main/AndroidManifest.xml:20:17-68
77            </intent-filter>
78        </receiver>
79    </application>
80
81</manifest>